  mySystem_GraphSystem.cpp
C:\Users\yushi\Desktop\oop\OOP_HW03_Package_202602\OOP_HW03_Package_202602\OOP_HW03_202602_Template_NET2019\inc\GL\gl.h(1,1): warning C4819: 檔案含有無法在目前字碼頁 (950) 中表示的字元。請以 Unicode 格式儲存檔案以防止資料遺失
C:\Users\yushi\Desktop\oop\OOP_HW03_Package_202602\OOP_HW03_Package_202602\OOP_HW03_202602_Template_NET2019\inc\GL\gl.h(1,1): warning C4819: 檔案含有無法在目前字碼頁 (950) 中表示的字元。請以 Unicode 格式儲存檔案以防止資料遺失
C:\Users\yushi\Desktop\oop\OOP_HW03_Package_202602\OOP_HW03_Package_202602\OOP_HW03_202602_Template_NET2019\00_StudentWork\00_SimpleInteractiveSystem\graph_basics.h(25,17): warning C4244: '=': 將 'double' 轉換為 'int'，由於類型不同，可能導致資料遺失
C:\Users\yushi\Desktop\oop\OOP_HW03_Package_202602\OOP_HW03_Package_202602\OOP_HW03_202602_Template_NET2019\00_StudentWork\00_SimpleInteractiveSystem\mySystem_GraphSystem.cpp(149,53): warning C4244: '引數': 將 'double' 轉換為 'float'，由於類型不同，可能導致資料遺失
C:\Users\yushi\Desktop\oop\OOP_HW03_Package_202602\OOP_HW03_Package_202602\OOP_HW03_202602_Template_NET2019\00_StudentWork\00_SimpleInteractiveSystem\mySystem_GraphSystem.cpp(149,32): warning C4244: '引數': 將 'double' 轉換為 'float'，由於類型不同，可能導致資料遺失
C:\Users\yushi\Desktop\oop\OOP_HW03_Package_202602\OOP_HW03_Package_202602\OOP_HW03_202602_Template_NET2019\00_StudentWork\00_SimpleInteractiveSystem\mySystem_GraphSystem.cpp(155,54): warning C4244: '引數': 將 'double' 轉換為 'float'，由於類型不同，可能導致資料遺失
C:\Users\yushi\Desktop\oop\OOP_HW03_Package_202602\OOP_HW03_Package_202602\OOP_HW03_202602_Template_NET2019\00_StudentWork\00_SimpleInteractiveSystem\mySystem_GraphSystem.cpp(155,32): warning C4244: '引數': 將 'double' 轉換為 'float'，由於類型不同，可能導致資料遺失
C:\Users\yushi\Desktop\oop\OOP_HW03_Package_202602\OOP_HW03_Package_202602\OOP_HW03_202602_Template_NET2019\00_StudentWork\00_SimpleInteractiveSystem\mySystem_GraphSystem.cpp(156,54): warning C4244: '引數': 將 'double' 轉換為 'float'，由於類型不同，可能導致資料遺失
C:\Users\yushi\Desktop\oop\OOP_HW03_Package_202602\OOP_HW03_Package_202602\OOP_HW03_202602_Template_NET2019\00_StudentWork\00_SimpleInteractiveSystem\mySystem_GraphSystem.cpp(156,32): warning C4244: '引數': 將 'double' 轉換為 'float'，由於類型不同，可能導致資料遺失
C:\Users\yushi\Desktop\oop\OOP_HW03_Package_202602\OOP_HW03_Package_202602\OOP_HW03_202602_Template_NET2019\00_StudentWork\00_SimpleInteractiveSystem\mySystem_GraphSystem.cpp(157,53): warning C4244: '引數': 將 'double' 轉換為 'float'，由於類型不同，可能導致資料遺失
C:\Users\yushi\Desktop\oop\OOP_HW03_Package_202602\OOP_HW03_Package_202602\OOP_HW03_202602_Template_NET2019\00_StudentWork\00_SimpleInteractiveSystem\mySystem_GraphSystem.cpp(157,32): warning C4244: '引數': 將 'double' 轉換為 'float'，由於類型不同，可能導致資料遺失
C:\Users\yushi\Desktop\oop\OOP_HW03_Package_202602\OOP_HW03_Package_202602\OOP_HW03_202602_Template_NET2019\00_StudentWork\00_SimpleInteractiveSystem\mySystem_GraphSystem.cpp(329,26): warning C4244: '=': 將 'double' 轉換為 'float'，由於類型不同，可能導致資料遺失
C:\Users\yushi\Desktop\oop\OOP_HW03_Package_202602\OOP_HW03_Package_202602\OOP_HW03_202602_Template_NET2019\00_StudentWork\00_SimpleInteractiveSystem\mySystem_GraphSystem.cpp(330,26): warning C4244: '=': 將 'double' 轉換為 'float'，由於類型不同，可能導致資料遺失
C:\Users\yushi\Desktop\oop\OOP_HW03_Package_202602\OOP_HW03_Package_202602\OOP_HW03_202602_Template_NET2019\00_StudentWork\00_SimpleInteractiveSystem\mySystem_GraphSystem.cpp(416,23): warning C4018: '<': signed/unsigned 不相符
C:\Users\yushi\Desktop\oop\OOP_HW03_Package_202602\OOP_HW03_Package_202602\OOP_HW03_202602_Template_NET2019\00_StudentWork\00_SimpleInteractiveSystem\mySystem_GraphSystem.cpp(625,23): warning C4018: '<': signed/unsigned 不相符
C:\Users\yushi\Desktop\oop\OOP_HW03_Package_202602\OOP_HW03_Package_202602\OOP_HW03_202602_Template_NET2019\00_StudentWork\00_SimpleInteractiveSystem\mySystem_GraphSystem.cpp(756,14): warning C4244: '=': 將 'int' 轉換為 'float'，由於類型不同，可能導致資料遺失
C:\Program Files (x86)\Microsoft Visual Studio\2019\Community\MSBuild\Microsoft\VC\v160\Microsoft.CppBuild.targets(1363,5): warning MSB8012: TargetPath(C:\Users\yushi\Desktop\oop\OOP_HW03_Package_202602\OOP_HW03_Package_202602\OOP_HW03_202602_Template_NET2019\Release\SelfMotivatedSystem.exe) 與 Linker 的 OutputFile 屬性值 (C:\Users\yushi\Desktop\oop\OOP_HW03_Package_202602\OOP_HW03_Package_202602\OOP_HW03_202602_Template_NET2019\bin\Release\SelfMotivatedSystem.exe) 不相符。這可能會導致您的專案建置不正確。若要改正這種情況，請確認 $(OutDir)、$(TargetName) 和 $(TargetExt) 屬性值必須與 %(Link.OutputFile) 中指定的值相符。
  正在產生程式碼
  38 of 708 functions ( 5.4%) were compiled, the rest were copied from previous compilation.
    14 functions were new in current compilation
    4 functions had inline decision re-evaluated but remain unchanged
  已完成程式碼產生
  asm.vcxproj -> C:\Users\yushi\Desktop\oop\OOP_HW03_Package_202602\OOP_HW03_Package_202602\OOP_HW03_202602_Template_NET2019\Release\SelfMotivatedSystem.exe
